[0.880s] Invoking command in '/home/eve-dse/ros2_ws/src/dse_obs_avoid/build/drone_control': CMAKE_PREFIX_PATH=${CMAKE_PREFIX_PATH}:/opt/ros/foxy /usr/bin/cmake --build /home/eve-dse/ros2_ws/src/dse_obs_avoid/build/drone_control -- -j14 -l14
[1.152s] [35m[1mScanning dependencies of target drone_commander[0m
[1.204s] [ 50%] [32mBuilding CXX object CMakeFiles/drone_commander.dir/src/send_command_template.cpp.o[0m
[3.776s] [01m[K/home/eve-dse/ros2_ws/src/dse_obs_avoid/src/send_command_template.cpp:[m[K In lambda function:
[3.776s] [01m[K/home/eve-dse/ros2_ws/src/dse_obs_avoid/src/send_command_template.cpp:32:13:[m[K [01;31m[Kerror: [m[Kâ€˜[01m[Ktd[m[Kâ€™ has not been declared
[3.776s]    32 |             [01;31m[Ktd[m[K::cout << this->current_state_;
[3.776s]       |             [01;31m[K^~[m[K
[5.655s] make[2]: *** [CMakeFiles/drone_commander.dir/build.make:63: CMakeFiles/drone_commander.dir/src/send_command_template.cpp.o] Error 1
[5.655s] make[1]: *** [CMakeFiles/Makefile2:78: CMakeFiles/drone_commander.dir/all] Error 2
[5.655s] make: *** [Makefile:141: all] Error 2
[5.724s] Invoked command in '/home/eve-dse/ros2_ws/src/dse_obs_avoid/build/drone_control' returned '2': CMAKE_PREFIX_PATH=${CMAKE_PREFIX_PATH}:/opt/ros/foxy /usr/bin/cmake --build /home/eve-dse/ros2_ws/src/dse_obs_avoid/build/drone_control -- -j14 -l14
