[0.262s] Invoking command in '/home/eve-dse/ros2_ws/src/dse_obs_avoid/build/drone_control': CMAKE_PREFIX_PATH=${CMAKE_PREFIX_PATH}:/opt/ros/foxy /usr/bin/cmake --build /home/eve-dse/ros2_ws/src/dse_obs_avoid/build/drone_control -- -j14 -l14
[0.308s] [35m[1mScanning dependencies of target drone_commander[0m
[0.333s] [ 50%] [32mBuilding CXX object CMakeFiles/drone_commander.dir/src/send_command_template.cpp.o[0m
[1.254s] [01m[K/home/eve-dse/ros2_ws/src/dse_obs_avoid/src/send_command_template.cpp:99:58:[m[K [01;31m[Kerror: [m[Ktype/value mismatch at argument 2 in template parameter list for â€˜[01m[Ktemplate<class _Tp, class _Alloc> class std::vector[m[Kâ€™
[1.254s]    99 |     void publish_trajectory_setpoint(std::vector<float, 3[01;31m[K>[m[K& position)
[1.254s]       |                                                          [01;31m[K^[m[K
[1.254s] [01m[K/home/eve-dse/ros2_ws/src/dse_obs_avoid/src/send_command_template.cpp:99:58:[m[K [01;36m[Knote: [m[K  expected a type, got â€˜[01m[K3[m[Kâ€™
[1.273s] [01m[K/home/eve-dse/ros2_ws/src/dse_obs_avoid/src/send_command_template.cpp:[m[K In member function â€˜[01m[Kvoid DroneControl::publish_trajectory_setpoint(int&)[m[Kâ€™:
[1.273s] [01m[K/home/eve-dse/ros2_ws/src/dse_obs_avoid/src/send_command_template.cpp:102:24:[m[K [01;31m[Kerror: [m[Kno match for â€˜[01m[Koperator=[m[Kâ€™ (operand types are â€˜[01m[Kpx4_msgs::msg::TrajectorySetpoint_<std::allocator<void> >::_position_type[m[Kâ€™ {aka â€˜[01m[Kstd::array<float, 3>[m[Kâ€™} and â€˜[01m[Kint[m[Kâ€™)
[1.273s]   102 |         msg.position = [01;31m[Kposition[m[K;
[1.273s]       |                        [01;31m[K^~~~~~~~[m[K
[1.274s] In file included from [01m[K/usr/include/c++/9/tuple:39[m[K,
[1.274s]                  from [01m[K/usr/include/c++/9/bits/unique_ptr.h:37[m[K,
[1.274s]                  from [01m[K/usr/include/c++/9/memory:80[m[K,
[1.274s]                  from [01m[K/opt/ros/foxy/include/rclcpp/rclcpp.hpp:144[m[K,
[1.274s]                  from [01m[K/home/eve-dse/ros2_ws/src/dse_obs_avoid/src/send_command_template.cpp:1[m[K:
[1.274s] [01m[K/usr/include/c++/9/array:94:12:[m[K [01;36m[Knote: [m[Kcandidate: â€˜[01m[Kconstexpr std::array<float, 3>& std::array<float, 3>::operator=(const std::array<float, 3>&)[m[Kâ€™
[1.274s]    94 |     struct [01;36m[Karray[m[K
[1.274s]       |            [01;36m[K^~~~~[m[K
[1.274s] [01m[K/usr/include/c++/9/array:94:12:[m[K [01;36m[Knote: [m[K  no known conversion for argument 1 from â€˜[01m[Kint[m[Kâ€™ to â€˜[01m[Kconst std::array<float, 3>&[m[Kâ€™
[1.274s] [01m[K/usr/include/c++/9/array:94:12:[m[K [01;36m[Knote: [m[Kcandidate: â€˜[01m[Kconstexpr std::array<float, 3>& std::array<float, 3>::operator=(std::array<float, 3>&&)[m[Kâ€™
[1.274s] [01m[K/usr/include/c++/9/array:94:12:[m[K [01;36m[Knote: [m[K  no known conversion for argument 1 from â€˜[01m[Kint[m[Kâ€™ to â€˜[01m[Kstd::array<float, 3>&&[m[Kâ€™
[1.277s] [01m[K/home/eve-dse/ros2_ws/src/dse_obs_avoid/src/send_command_template.cpp:[m[K In member function â€˜[01m[Kvoid DroneControl::take_off()[m[Kâ€™:
[1.278s] [01m[K/home/eve-dse/ros2_ws/src/dse_obs_avoid/src/send_command_template.cpp:120:51:[m[K [01;31m[Kerror: [m[Kcannot convert â€˜[01m[K<brace-enclosed initializer list>[m[Kâ€™ to â€˜[01m[Kint&[m[Kâ€™
[1.278s]   120 |         publish_trajectory_setpoint({0.0,0.0,-5.0}[01;31m[K)[m[K;
[1.278s]       |                                                   [01;31m[K^[m[K
[1.278s] [01m[K/home/eve-dse/ros2_ws/src/dse_obs_avoid/src/send_command_template.cpp:99:61:[m[K [01;36m[Knote: [m[K  initializing argument 1 of â€˜[01m[Kvoid DroneControl::publish_trajectory_setpoint(int&)[m[Kâ€™
[1.278s]    99 |     void publish_trajectory_setpoint([01;36m[Kstd::vector<float, 3>& position[m[K)
[1.278s]       |                                      [01;36m[K~~~~~~~~~~~~~~~~~~~~~~~^~~~~~~~[m[K
[1.892s] make[2]: *** [CMakeFiles/drone_commander.dir/build.make:63: CMakeFiles/drone_commander.dir/src/send_command_template.cpp.o] Error 1
[1.892s] make[1]: *** [CMakeFiles/Makefile2:78: CMakeFiles/drone_commander.dir/all] Error 2
[1.893s] make: *** [Makefile:141: all] Error 2
[1.901s] Invoked command in '/home/eve-dse/ros2_ws/src/dse_obs_avoid/build/drone_control' returned '2': CMAKE_PREFIX_PATH=${CMAKE_PREFIX_PATH}:/opt/ros/foxy /usr/bin/cmake --build /home/eve-dse/ros2_ws/src/dse_obs_avoid/build/drone_control -- -j14 -l14
