[0.276s] Invoking command in '/home/eve-dse/ros2_ws/src/dse_obs_avoid/build/drone_control': CMAKE_PREFIX_PATH=${CMAKE_PREFIX_PATH}:/opt/ros/foxy /usr/bin/cmake --build /home/eve-dse/ros2_ws/src/dse_obs_avoid/build/drone_control -- -j14 -l14
[0.305s] [35m[1mScanning dependencies of target drone_commander[0m
[0.325s] [ 50%] [32mBuilding CXX object CMakeFiles/drone_commander.dir/src/send_command_template.cpp.o[0m
[1.117s] [01m[K/home/eve-dse/ros2_ws/src/dse_obs_avoid/src/send_command_template.cpp:[m[K In constructor â€˜[01m[KDroneControl::DroneControl()[m[Kâ€™:
[1.117s] [01m[K/home/eve-dse/ros2_ws/src/dse_obs_avoid/src/send_command_template.cpp:27:9:[m[K [01;31m[Kerror: [m[Kâ€˜[01m[KDroneState[m[Kâ€™ was not declared in this scope
[1.117s]    27 |         [01;31m[KDroneState[m[K current_state_ = DroneState::WAITING;
[1.117s]       |         [01;31m[K^~~~~~~~~~[m[K
[1.120s] [01m[K/home/eve-dse/ros2_ws/src/dse_obs_avoid/src/send_command_template.cpp:[m[K In lambda function:
[1.120s] [01m[K/home/eve-dse/ros2_ws/src/dse_obs_avoid/src/send_command_template.cpp:33:21:[m[K [01;31m[Kerror: [m[Kâ€˜[01m[Kcurrent_state_[m[Kâ€™ was not declared in this scope
[1.120s]    33 |             switch ([01;31m[Kcurrent_state_[m[K) {
[1.120s]       |                     [01;31m[K^~~~~~~~~~~~~~[m[K
[1.120s] [01m[K/home/eve-dse/ros2_ws/src/dse_obs_avoid/src/send_command_template.cpp:34:22:[m[K [01;31m[Kerror: [m[Kâ€˜[01m[KDroneState[m[Kâ€™ is not a class, namespace, or enumeration
[1.120s]    34 |                 case [01;31m[KDroneState[m[K::WAITING:
[1.120s]       |                      [01;31m[K^~~~~~~~~~[m[K
[1.121s] [01m[K/home/eve-dse/ros2_ws/src/dse_obs_avoid/src/send_command_template.cpp:35:31:[m[K [01;31m[Kerror: [m[Kexpected â€˜[01m[K;[m[Kâ€™ before â€˜[01m[Kcurrent_state_[m[Kâ€™
[1.121s]    35 |                     take_off()
[1.121s]       |                               [01;31m[K^[m[K
[1.121s]       |                               [32m[K;[m[K
[1.121s]    36 |                     [32m[Kcurrent_state_[m[K = DroneState::TAKING_OFF;
[1.121s]       |                     [32m[K~~~~~~~~~~~~~~[m[K
[1.121s] [01m[K/home/eve-dse/ros2_ws/src/dse_obs_avoid/src/send_command_template.cpp:38:22:[m[K [01;31m[Kerror: [m[Kâ€˜[01m[KDroneState[m[Kâ€™ is not a class, namespace, or enumeration
[1.121s]    38 |                 case [01;31m[KDroneState[m[K::TAKING_OFF:
[1.121s]       |                      [01;31m[K^~~~~~~~~~[m[K
[1.121s] [01m[K/home/eve-dse/ros2_ws/src/dse_obs_avoid/src/send_command_template.cpp:41:38:[m[K [01;31m[Kerror: [m[Kâ€˜[01m[KDroneState[m[Kâ€™ is not a class, namespace, or enumeration
[1.121s]    41 |                     current_state_ = [01;31m[KDroneState[m[K::FOLLOWING_TRAJECTORY;
[1.121s]       |                                      [01;31m[K^~~~~~~~~~[m[K
[1.121s] [01m[K/home/eve-dse/ros2_ws/src/dse_obs_avoid/src/send_command_template.cpp:43:22:[m[K [01;31m[Kerror: [m[Kâ€˜[01m[KDroneState[m[Kâ€™ is not a class, namespace, or enumeration
[1.121s]    43 |                 case [01;31m[KDroneState[m[K::FOLLOWING_TRAJECTORY:
[1.121s]       |                      [01;31m[K^~~~~~~~~~[m[K
[1.121s] [01m[K/home/eve-dse/ros2_ws/src/dse_obs_avoid/src/send_command_template.cpp:45:25:[m[K [01;31m[Kerror: [m[Kâ€˜[01m[Kcurrent_waypoint_index_[m[Kâ€™ is not captured
[1.121s]    45 |                     if ([01;31m[Kcurrent_waypoint_index_[m[K < waypoints_.size()) {
[1.121s]       |                         [01;31m[K^~~~~~~~~~~~~~~~~~~~~~~[m[K
[1.121s] [01m[K/home/eve-dse/ros2_ws/src/dse_obs_avoid/src/send_command_template.cpp:32:30:[m[K [01;36m[Knote: [m[Kthe lambda has no capture-default
[1.121s]    32 |   auto timer_callback = [this[01;36m[K][m[K() -> void {
[1.121s]       |                              [01;36m[K^[m[K
[1.121s] [01m[K/home/eve-dse/ros2_ws/src/dse_obs_avoid/src/send_command_template.cpp:29:13:[m[K [01;36m[Knote: [m[Kâ€˜[01m[Kint current_waypoint_index_[m[Kâ€™ declared here
[1.121s]    29 |         int [01;36m[Kcurrent_waypoint_index_[m[K = 0;
[1.121s]       |             [01;36m[K^~~~~~~~~~~~~~~~~~~~~~~[m[K
[1.121s] [01m[K/home/eve-dse/ros2_ws/src/dse_obs_avoid/src/send_command_template.cpp:45:51:[m[K [01;31m[Kerror: [m[Kâ€˜[01m[Kwaypoints_[m[Kâ€™ is not captured
[1.121s]    45 |                     if (current_waypoint_index_ < [01;31m[Kwaypoints_[m[K.size()) {
[1.121s]       |                                                   [01;31m[K^~~~~~~~~~[m[K
[1.121s] [01m[K/home/eve-dse/ros2_ws/src/dse_obs_avoid/src/send_command_template.cpp:32:30:[m[K [01;36m[Knote: [m[Kthe lambda has no capture-default
[1.121s]    32 |   auto timer_callback = [this[01;36m[K][m[K() -> void {
[1.121s]       |                              [01;36m[K^[m[K
[1.121s] [01m[K/home/eve-dse/ros2_ws/src/dse_obs_avoid/src/send_command_template.cpp:28:56:[m[K [01;36m[Knote: [m[Kâ€˜[01m[Kstd::vector<px4_msgs::msg::TrajectorySetpoint_<std::allocator<void> > > waypoints_[m[Kâ€™ declared here
[1.121s]    28 |         std::vector<px4_msgs::msg::TrajectorySetpoint> [01;36m[Kwaypoints_[m[K;
[1.121s]       |                                                        [01;36m[K^~~~~~~~~~[m[K
[1.121s] [01m[K/home/eve-dse/ros2_ws/src/dse_obs_avoid/src/send_command_template.cpp:46:53:[m[K [01;31m[Kerror: [m[Kâ€˜[01m[Kwaypoints_[m[Kâ€™ is not captured
[1.121s]    46 |                         publish_trajectory_setpoint([01;31m[Kwaypoints_[m[K[current_waypoint_index_]);
[1.122s]       |                                                     [01;31m[K^~~~~~~~~~[m[K
[1.122s] [01m[K/home/eve-dse/ros2_ws/src/dse_obs_avoid/src/send_command_template.cpp:32:30:[m[K [01;36m[Knote: [m[Kthe lambda has no capture-default
[1.122s]    32 |   auto timer_callback = [this[01;36m[K][m[K() -> void {
[1.122s]       |                              [01;36m[K^[m[K
[1.122s] [01m[K/home/eve-dse/ros2_ws/src/dse_obs_avoid/src/send_command_template.cpp:28:56:[m[K [01;36m[Knote: [m[Kâ€˜[01m[Kstd::vector<px4_msgs::msg::TrajectorySetpoint_<std::allocator<void> > > waypoints_[m[Kâ€™ declared here
[1.122s]    28 |         std::vector<px4_msgs::msg::TrajectorySetpoint> [01;36m[Kwaypoints_[m[K;
[1.122s]       |                                                        [01;36m[K^~~~~~~~~~[m[K
[1.122s] [01m[K/home/eve-dse/ros2_ws/src/dse_obs_avoid/src/send_command_template.cpp:46:64:[m[K [01;31m[Kerror: [m[Kâ€˜[01m[Kcurrent_waypoint_index_[m[Kâ€™ is not captured
[1.122s]    46 |                       publish_trajectory_setpoint(waypoints_[[01;31m[Kcurrent_waypoint_index_[m[K]);
[1.122s]       |                                                              [01;31m[K^~~~~~~~~~~~~~~~~~~~~~~[m[K
[1.122s] 
[1.122s] [01m[K/home/eve-dse/ros2_ws/src/dse_obs_avoid/src/send_command_template.cpp:32:30:[m[K [01;36m[Knote: [m[Kthe lambda has no capture-default
[1.122s]    32 |   auto timer_callback = [this[01;36m[K][m[K() -> void {
[1.122s]       |                              [01;36m[K^[m[K
[1.122s] [01m[K/home/eve-dse/ros2_ws/src/dse_obs_avoid/src/send_command_template.cpp:29:13:[m[K [01;36m[Knote: [m[Kâ€˜[01m[Kint current_waypoint_index_[m[Kâ€™ declared here
[1.122s]    29 |         int [01;36m[Kcurrent_waypoint_index_[m[K = 0;
[1.122s]       |             [01;36m[K^~~~~~~~~~~~~~~~~~~~~~~[m[K
[1.122s] [01m[K/home/eve-dse/ros2_ws/src/dse_obs_avoid/src/send_command_template.cpp:47:25:[m[K [01;31m[Kerror: [m[Kâ€˜[01m[Kcurrent_waypoint_index_[m[Kâ€™ is not captured
[1.122s]    47 |                         [01;31m[Kcurrent_waypoint_index_[m[K++;
[1.122s]       |                         [01;31m[K^~~~~~~~~~~~~~~~~~~~~~~[m[K
[1.122s] [01m[K/home/eve-dse/ros2_ws/src/dse_obs_avoid/src/send_command_template.cpp:32:30:[m[K [01;36m[Knote: [m[Kthe lambda has no capture-default
[1.122s]    32 |   auto timer_callback = [this[01;36m[K][m[K() -> void {
[1.122s]       |                              [01;36m[K^[m[K
[1.122s] [01m[K/home/eve-dse/ros2_ws/src/dse_obs_avoid/src/send_command_template.cpp:29:13:[m[K [01;36m[Knote: [m[Kâ€˜[01m[Kint current_waypoint_index_[m[Kâ€™ declared here
[1.122s]    29 |         int [01;36m[Kcurrent_waypoint_index_[m[K = 0;
[1.122s]       |             [01;36m[K^~~~~~~~~~~~~~~~~~~~~~~[m[K
[1.122s] [01m[K/home/eve-dse/ros2_ws/src/dse_obs_avoid/src/send_command_template.cpp:50:42:[m[K [01;31m[Kerror: [m[Kâ€˜[01m[KDroneState[m[Kâ€™ is not a class, namespace, or enumeration
[1.122s]    50 |                         current_state_ = [01;31m[KDroneState[m[K::LANDING;
[1.122s]       |                                          [01;31m[K^~~~~~~~~~[m[K
[1.123s] [01m[K/home/eve-dse/ros2_ws/src/dse_obs_avoid/src/send_command_template.cpp:53:22:[m[K [01;31m[Kerror: [m[Kâ€˜[01m[KDroneState[m[Kâ€™ is not a class, namespace, or enumeration
[1.123s]    53 |                 case [01;31m[KDroneState[m[K::LANDING:
[1.123s]       |                      [01;31m[K^~~~~~~~~~[m[K
[1.129s] [01m[K/home/eve-dse/ros2_ws/src/dse_obs_avoid/src/send_command_template.cpp:[m[K In member function â€˜[01m[Kvoid DroneControl::publish_trajectory_setpoint(std::vector<int>)[m[Kâ€™:
[1.129s] [01m[K/home/eve-dse/ros2_ws/src/dse_obs_avoid/src/send_command_template.cpp:105:24:[m[K [01;31m[Kerror: [m[Kno match for â€˜[01m[Koperator=[m[Kâ€™ (operand types are â€˜[01m[Kpx4_msgs::msg::TrajectorySetpoint_<std::allocator<void> >::_position_type[m[Kâ€™ {aka â€˜[01m[Kstd::array<float, 3>[m[Kâ€™} and â€˜[01m[Kstd::vector<int>[m[Kâ€™)
[1.129s]   105 |         msg.position = [01;31m[Kposition[m[K;
[1.129s]       |                        [01;31m[K^~~~~~~~[m[K
[1.129s] In file included from [01m[K/usr/include/c++/9/tuple:39[m[K,
[1.129s]                  from [01m[K/usr/include/c++/9/bits/unique_ptr.h:37[m[K,
[1.129s]                  from [01m[K/usr/include/c++/9/memory:80[m[K,
[1.129s]                  from [01m[K/opt/ros/foxy/include/rclcpp/rclcpp.hpp:144[m[K,
[1.129s]                  from [01m[K/home/eve-dse/ros2_ws/src/dse_obs_avoid/src/send_command_template.cpp:1[m[K:
[1.129s] [01m[K/usr/include/c++/9/array:94:12:[m[K [01;36m[Knote: [m[Kcandidate: â€˜[01m[Kconstexpr std::array<float, 3>& std::array<float, 3>::operator=(const std::array<float, 3>&)[m[Kâ€™
[1.129s]    94 |     struct [01;36m[Karray[m[K
[1.129s]       |            [01;36m[K^~~~~[m[K
[1.129s] [01m[K/usr/include/c++/9/array:94:12:[m[K [01;36m[Knote: [m[K  no known conversion for argument 1 from â€˜[01m[Kstd::vector<int>[m[Kâ€™ to â€˜[01m[Kconst std::array<float, 3>&[m[Kâ€™
[1.129s] [01m[K/usr/include/c++/9/array:94:12:[m[K [01;36m[Knote: [m[Kcandidate: â€˜[01m[Kconstexpr std::array<float, 3>& std::array<float, 3>::operator=(std::array<float, 3>&&)[m[Kâ€™
[1.129s] [01m[K/usr/include/c++/9/array:94:12:[m[K [01;36m[Knote: [m[K  no known conversion for argument 1 from â€˜[01m[Kstd::vector<int>[m[Kâ€™ to â€˜[01m[Kstd::array<float, 3>&&[m[Kâ€™
[2.086s] make[2]: *** [CMakeFiles/drone_commander.dir/build.make:63: CMakeFiles/drone_commander.dir/src/send_command_template.cpp.o] Error 1
[2.086s] make[1]: *** [CMakeFiles/Makefile2:78: CMakeFiles/drone_commander.dir/all] Error 2
[2.091s] make: *** [Makefile:141: all] Error 2
[2.155s] Invoked command in '/home/eve-dse/ros2_ws/src/dse_obs_avoid/build/drone_control' returned '2': CMAKE_PREFIX_PATH=${CMAKE_PREFIX_PATH}:/opt/ros/foxy /usr/bin/cmake --build /home/eve-dse/ros2_ws/src/dse_obs_avoid/build/drone_control -- -j14 -l14
