[01m[K/home/eve-dse/ros2_ws/src/dse_obs_avoid/src/send_command_template.cpp:[m[K In lambda function:
[01m[K/home/eve-dse/ros2_ws/src/dse_obs_avoid/src/send_command_template.cpp:33:21:[m[K [01;31m[Kerror: [m[Kâ€˜[01m[Kcurrent_state_[m[Kâ€™ is not captured
   33 |             switch ([01;31m[Kcurrent_state_[m[K) {
      |                     [01;31m[K^~~~~~~~~~~~~~[m[K
[01m[K/home/eve-dse/ros2_ws/src/dse_obs_avoid/src/send_command_template.cpp:32:30:[m[K [01;36m[Knote: [m[Kthe lambda has no capture-default
   32 |   auto timer_callback = [this[01;36m[K][m[K() -> void {
      |                              [01;36m[K^[m[K
[01m[K/home/eve-dse/ros2_ws/src/dse_obs_avoid/src/send_command_template.cpp:27:21:[m[K [01;36m[Knote: [m[Kâ€˜[01m[KFlightState current_state_[m[Kâ€™ declared here
   27 |         FlightState [01;36m[Kcurrent_state_[m[K = FlightState::WAITING;
      |                     [01;36m[K^~~~~~~~~~~~~~[m[K
[01m[K/home/eve-dse/ros2_ws/src/dse_obs_avoid/src/send_command_template.cpp:35:31:[m[K [01;31m[Kerror: [m[Kexpected â€˜[01m[K;[m[Kâ€™ before â€˜[01m[Kcurrent_state_[m[Kâ€™
   35 |                     take_off()
      |                               [01;31m[K^[m[K
      |                               [32m[K;[m[K
   36 |                     [32m[Kcurrent_state_[m[K = FlightState::TAKING_OFF;
      |                     [32m[K~~~~~~~~~~~~~~[m[K
[01m[K/home/eve-dse/ros2_ws/src/dse_obs_avoid/src/send_command_template.cpp:41:21:[m[K [01;31m[Kerror: [m[Kâ€˜[01m[Kcurrent_state_[m[Kâ€™ is not captured
   41 |                     [01;31m[Kcurrent_state_[m[K = FlightState::FOLLOWING_TRAJECTORY;
      |                     [01;31m[K^~~~~~~~~~~~~~[m[K
[01m[K/home/eve-dse/ros2_ws/src/dse_obs_avoid/src/send_command_template.cpp:32:30:[m[K [01;36m[Knote: [m[Kthe lambda has no capture-default
   32 |   auto timer_callback = [this[01;36m[K][m[K() -> void {
      |                              [01;36m[K^[m[K
[01m[K/home/eve-dse/ros2_ws/src/dse_obs_avoid/src/send_command_template.cpp:27:21:[m[K [01;36m[Knote: [m[Kâ€˜[01m[KFlightState current_state_[m[Kâ€™ declared here
   27 |         FlightState [01;36m[Kcurrent_state_[m[K = FlightState::WAITING;
      |                     [01;36m[K^~~~~~~~~~~~~~[m[K
[01m[K/home/eve-dse/ros2_ws/src/dse_obs_avoid/src/send_command_template.cpp:45:25:[m[K [01;31m[Kerror: [m[Kâ€˜[01m[Kcurrent_waypoint_index_[m[Kâ€™ is not captured
   45 |                     if ([01;31m[Kcurrent_waypoint_index_[m[K < waypoints_.size()) {
      |                         [01;31m[K^~~~~~~~~~~~~~~~~~~~~~~[m[K
[01m[K/home/eve-dse/ros2_ws/src/dse_obs_avoid/src/send_command_template.cpp:32:30:[m[K [01;36m[Knote: [m[Kthe lambda has no capture-default
   32 |   auto timer_callback = [this[01;36m[K][m[K() -> void {
      |                              [01;36m[K^[m[K
[01m[K/home/eve-dse/ros2_ws/src/dse_obs_avoid/src/send_command_template.cpp:29:13:[m[K [01;36m[Knote: [m[Kâ€˜[01m[Kint current_waypoint_index_[m[Kâ€™ declared here
   29 |         int [01;36m[Kcurrent_waypoint_index_[m[K = 0;
      |             [01;36m[K^~~~~~~~~~~~~~~~~~~~~~~[m[K
[01m[K/home/eve-dse/ros2_ws/src/dse_obs_avoid/src/send_command_template.cpp:45:51:[m[K [01;31m[Kerror: [m[Kâ€˜[01m[Kwaypoints_[m[Kâ€™ is not captured
   45 |                     if (current_waypoint_index_ < [01;31m[Kwaypoints_[m[K.size()) {
      |                                                   [01;31m[K^~~~~~~~~~[m[K
[01m[K/home/eve-dse/ros2_ws/src/dse_obs_avoid/src/send_command_template.cpp:32:30:[m[K [01;36m[Knote: [m[Kthe lambda has no capture-default
   32 |   auto timer_callback = [this[01;36m[K][m[K() -> void {
      |                              [01;36m[K^[m[K
[01m[K/home/eve-dse/ros2_ws/src/dse_obs_avoid/src/send_command_template.cpp:28:56:[m[K [01;36m[Knote: [m[Kâ€˜[01m[Kstd::vector<px4_msgs::msg::TrajectorySetpoint_<std::allocator<void> > > waypoints_[m[Kâ€™ declared here
   28 |         std::vector<px4_msgs::msg::TrajectorySetpoint> [01;36m[Kwaypoints_[m[K;
      |                                                        [01;36m[K^~~~~~~~~~[m[K
[01m[K/home/eve-dse/ros2_ws/src/dse_obs_avoid/src/send_command_template.cpp:46:53:[m[K [01;31m[Kerror: [m[Kâ€˜[01m[Kwaypoints_[m[Kâ€™ is not captured
   46 |                         publish_trajectory_setpoint([01;31m[Kwaypoints_[m[K[current_waypoint_index_]);
      |                                                     [01;31m[K^~~~~~~~~~[m[K
[01m[K/home/eve-dse/ros2_ws/src/dse_obs_avoid/src/send_command_template.cpp:32:30:[m[K [01;36m[Knote: [m[Kthe lambda has no capture-default
   32 |   auto timer_callback = [this[01;36m[K][m[K() -> void {
      |                              [01;36m[K^[m[K
[01m[K/home/eve-dse/ros2_ws/src/dse_obs_avoid/src/send_command_template.cpp:28:56:[m[K [01;36m[Knote: [m[Kâ€˜[01m[Kstd::vector<px4_msgs::msg::TrajectorySetpoint_<std::allocator<void> > > waypoints_[m[Kâ€™ declared here
   28 |         std::vector<px4_msgs::msg::TrajectorySetpoint> [01;36m[Kwaypoints_[m[K;
      |                                                        [01;36m[K^~~~~~~~~~[m[K
[01m[K/home/eve-dse/ros2_ws/src/dse_obs_avoid/src/send_command_template.cpp:46:64:[m[K [01;31m[Kerror: [m[Kâ€˜[01m[Kcurrent_waypoint_index_[m[Kâ€™ is not captured
   46 |                       publish_trajectory_setpoint(waypoints_[[01;31m[Kcurrent_waypoint_index_[m[K]);
      |                                                              [01;31m[K^~~~~~~~~~~~~~~~~~~~~~~[m[K

[01m[K/home/eve-dse/ros2_ws/src/dse_obs_avoid/src/send_command_template.cpp:32:30:[m[K [01;36m[Knote: [m[Kthe lambda has no capture-default
   32 |   auto timer_callback = [this[01;36m[K][m[K() -> void {
      |                              [01;36m[K^[m[K
[01m[K/home/eve-dse/ros2_ws/src/dse_obs_avoid/src/send_command_template.cpp:29:13:[m[K [01;36m[Knote: [m[Kâ€˜[01m[Kint current_waypoint_index_[m[Kâ€™ declared here
   29 |         int [01;36m[Kcurrent_waypoint_index_[m[K = 0;
      |             [01;36m[K^~~~~~~~~~~~~~~~~~~~~~~[m[K
[01m[K/home/eve-dse/ros2_ws/src/dse_obs_avoid/src/send_command_template.cpp:47:25:[m[K [01;31m[Kerror: [m[Kâ€˜[01m[Kcurrent_waypoint_index_[m[Kâ€™ is not captured
   47 |                         [01;31m[Kcurrent_waypoint_index_[m[K++;
      |                         [01;31m[K^~~~~~~~~~~~~~~~~~~~~~~[m[K
[01m[K/home/eve-dse/ros2_ws/src/dse_obs_avoid/src/send_command_template.cpp:32:30:[m[K [01;36m[Knote: [m[Kthe lambda has no capture-default
   32 |   auto timer_callback = [this[01;36m[K][m[K() -> void {
      |                              [01;36m[K^[m[K
[01m[K/home/eve-dse/ros2_ws/src/dse_obs_avoid/src/send_command_template.cpp:29:13:[m[K [01;36m[Knote: [m[Kâ€˜[01m[Kint current_waypoint_index_[m[Kâ€™ declared here
   29 |         int [01;36m[Kcurrent_waypoint_index_[m[K = 0;
      |             [01;36m[K^~~~~~~~~~~~~~~~~~~~~~~[m[K
[01m[K/home/eve-dse/ros2_ws/src/dse_obs_avoid/src/send_command_template.cpp:50:25:[m[K [01;31m[Kerror: [m[Kâ€˜[01m[Kcurrent_state_[m[Kâ€™ is not captured
   50 |                         [01;31m[Kcurrent_state_[m[K = FlightState::LANDING;
      |                         [01;31m[K^~~~~~~~~~~~~~[m[K
[01m[K/home/eve-dse/ros2_ws/src/dse_obs_avoid/src/send_command_template.cpp:32:30:[m[K [01;36m[Knote: [m[Kthe lambda has no capture-default
   32 |   auto timer_callback = [this[01;36m[K][m[K() -> void {
      |                              [01;36m[K^[m[K
[01m[K/home/eve-dse/ros2_ws/src/dse_obs_avoid/src/send_command_template.cpp:27:21:[m[K [01;36m[Knote: [m[Kâ€˜[01m[KFlightState current_state_[m[Kâ€™ declared here
   27 |         FlightState [01;36m[Kcurrent_state_[m[K = FlightState::WAITING;
      |                     [01;36m[K^~~~~~~~~~~~~~[m[K
[01m[K/home/eve-dse/ros2_ws/src/dse_obs_avoid/src/send_command_template.cpp:[m[K In member function â€˜[01m[Kvoid DroneControl::publish_trajectory_setpoint(std::vector<int>)[m[Kâ€™:
[01m[K/home/eve-dse/ros2_ws/src/dse_obs_avoid/src/send_command_template.cpp:105:24:[m[K [01;31m[Kerror: [m[Kno match for â€˜[01m[Koperator=[m[Kâ€™ (operand types are â€˜[01m[Kpx4_msgs::msg::TrajectorySetpoint_<std::allocator<void> >::_position_type[m[Kâ€™ {aka â€˜[01m[Kstd::array<float, 3>[m[Kâ€™} and â€˜[01m[Kstd::vector<int>[m[Kâ€™)
  105 |         msg.position = [01;31m[Kposition[m[K;
      |                        [01;31m[K^~~~~~~~[m[K
In file included from [01m[K/usr/include/c++/9/tuple:39[m[K,
                 from [01m[K/usr/include/c++/9/bits/unique_ptr.h:37[m[K,
                 from [01m[K/usr/include/c++/9/memory:80[m[K,
                 from [01m[K/opt/ros/foxy/include/rclcpp/rclcpp.hpp:144[m[K,
                 from [01m[K/home/eve-dse/ros2_ws/src/dse_obs_avoid/src/send_command_template.cpp:1[m[K:
[01m[K/usr/include/c++/9/array:94:12:[m[K [01;36m[Knote: [m[Kcandidate: â€˜[01m[Kconstexpr std::array<float, 3>& std::array<float, 3>::operator=(const std::array<float, 3>&)[m[Kâ€™
   94 |     struct [01;36m[Karray[m[K
      |            [01;36m[K^~~~~[m[K
[01m[K/usr/include/c++/9/array:94:12:[m[K [01;36m[Knote: [m[K  no known conversion for argument 1 from â€˜[01m[Kstd::vector<int>[m[Kâ€™ to â€˜[01m[Kconst std::array<float, 3>&[m[Kâ€™
[01m[K/usr/include/c++/9/array:94:12:[m[K [01;36m[Knote: [m[Kcandidate: â€˜[01m[Kconstexpr std::array<float, 3>& std::array<float, 3>::operator=(std::array<float, 3>&&)[m[Kâ€™
[01m[K/usr/include/c++/9/array:94:12:[m[K [01;36m[Knote: [m[K  no known conversion for argument 1 from â€˜[01m[Kstd::vector<int>[m[Kâ€™ to â€˜[01m[Kstd::array<float, 3>&&[m[Kâ€™
make[2]: *** [CMakeFiles/drone_commander.dir/build.make:63: CMakeFiles/drone_commander.dir/src/send_command_template.cpp.o] Error 1
make[1]: *** [CMakeFiles/Makefile2:78: CMakeFiles/drone_commander.dir/all] Error 2
make: *** [Makefile:141: all] Error 2
