[35m[1mScanning dependencies of target drone_commander[0m
[ 50%] [32mBuilding CXX object CMakeFiles/drone_commander.dir/src/send_command_template.cpp.o[0m
[01m[K/home/eve-dse/ros2_ws/src/dse_obs_avoid/src/send_command_template.cpp:102:38:[m[K [01;31m[Kerror: [m[Kâ€˜[01m[Kvector[m[Kâ€™ has not been declared
  102 |     void publish_trajectory_setpoint([01;31m[Kvector[m[K<int> position)
      |                                      [01;31m[K^~~~~~[m[K
[01m[K/home/eve-dse/ros2_ws/src/dse_obs_avoid/src/send_command_template.cpp:102:44:[m[K [01;31m[Kerror: [m[Kexpected â€˜[01m[K,[m[Kâ€™ or â€˜[01m[K...[m[Kâ€™ before â€˜[01m[K<[m[Kâ€™ token
  102 |     void publish_trajectory_setpoint(vector[01;31m[K<[m[Kint> position)
      |                                            [01;31m[K^[m[K
[01m[K/home/eve-dse/ros2_ws/src/dse_obs_avoid/src/send_command_template.cpp:[m[K In constructor â€˜[01m[KDroneControl::DroneControl()[m[Kâ€™:
[01m[K/home/eve-dse/ros2_ws/src/dse_obs_avoid/src/send_command_template.cpp:27:9:[m[K [01;31m[Kerror: [m[Kâ€˜[01m[KDroneState[m[Kâ€™ was not declared in this scope
   27 |         [01;31m[KDroneState[m[K current_state_ = DroneState::WAITING;
      |         [01;31m[K^~~~~~~~~~[m[K
[01m[K/home/eve-dse/ros2_ws/src/dse_obs_avoid/src/send_command_template.cpp:[m[K In lambda function:
[01m[K/home/eve-dse/ros2_ws/src/dse_obs_avoid/src/send_command_template.cpp:33:21:[m[K [01;31m[Kerror: [m[Kâ€˜[01m[Kcurrent_state_[m[Kâ€™ was not declared in this scope
   33 |             switch ([01;31m[Kcurrent_state_[m[K) {
      |                     [01;31m[K^~~~~~~~~~~~~~[m[K
[01m[K/home/eve-dse/ros2_ws/src/dse_obs_avoid/src/send_command_template.cpp:34:22:[m[K [01;31m[Kerror: [m[Kâ€˜[01m[KDroneState[m[Kâ€™ is not a class, namespace, or enumeration
   34 |                 case [01;31m[KDroneState[m[K::WAITING:
      |                      [01;31m[K^~~~~~~~~~[m[K
[01m[K/home/eve-dse/ros2_ws/src/dse_obs_avoid/src/send_command_template.cpp:35:31:[m[K [01;31m[Kerror: [m[Kexpected â€˜[01m[K;[m[Kâ€™ before â€˜[01m[Kcurrent_state_[m[Kâ€™
   35 |                     take_off()
      |                               [01;31m[K^[m[K
      |                               [32m[K;[m[K
   36 |                     [32m[Kcurrent_state_[m[K = DroneState::TAKING_OFF;
      |                     [32m[K~~~~~~~~~~~~~~[m[K
[01m[K/home/eve-dse/ros2_ws/src/dse_obs_avoid/src/send_command_template.cpp:38:22:[m[K [01;31m[Kerror: [m[Kâ€˜[01m[KDroneState[m[Kâ€™ is not a class, namespace, or enumeration
   38 |                 case [01;31m[KDroneState[m[K::TAKING_OFF:
      |                      [01;31m[K^~~~~~~~~~[m[K
[01m[K/home/eve-dse/ros2_ws/src/dse_obs_avoid/src/send_command_template.cpp:41:38:[m[K [01;31m[Kerror: [m[Kâ€˜[01m[KDroneState[m[Kâ€™ is not a class, namespace, or enumeration
   41 |                     current_state_ = [01;31m[KDroneState[m[K::FOLLOWING_TRAJECTORY;
      |                                      [01;31m[K^~~~~~~~~~[m[K
[01m[K/home/eve-dse/ros2_ws/src/dse_obs_avoid/src/send_command_template.cpp:43:22:[m[K [01;31m[Kerror: [m[Kâ€˜[01m[KDroneState[m[Kâ€™ is not a class, namespace, or enumeration
   43 |                 case [01;31m[KDroneState[m[K::FOLLOWING_TRAJECTORY:
      |                      [01;31m[K^~~~~~~~~~[m[K
[01m[K/home/eve-dse/ros2_ws/src/dse_obs_avoid/src/send_command_template.cpp:45:25:[m[K [01;31m[Kerror: [m[Kâ€˜[01m[Kcurrent_waypoint_index_[m[Kâ€™ is not captured
   45 |                     if ([01;31m[Kcurrent_waypoint_index_[m[K < waypoints_.size()) {
      |                         [01;31m[K^~~~~~~~~~~~~~~~~~~~~~~[m[K
[01m[K/home/eve-dse/ros2_ws/src/dse_obs_avoid/src/send_command_template.cpp:32:30:[m[K [01;36m[Knote: [m[Kthe lambda has no capture-default
   32 |   auto timer_callback = [this[01;36m[K][m[K() -> void {
      |                              [01;36m[K^[m[K
[01m[K/home/eve-dse/ros2_ws/src/dse_obs_avoid/src/send_command_template.cpp:29:13:[m[K [01;36m[Knote: [m[Kâ€˜[01m[Kint current_waypoint_index_[m[Kâ€™ declared here
   29 |         int [01;36m[Kcurrent_waypoint_index_[m[K = 0;
      |             [01;36m[K^~~~~~~~~~~~~~~~~~~~~~~[m[K
[01m[K/home/eve-dse/ros2_ws/src/dse_obs_avoid/src/send_command_template.cpp:45:51:[m[K [01;31m[Kerror: [m[Kâ€˜[01m[Kwaypoints_[m[Kâ€™ is not captured
   45 |                     if (current_waypoint_index_ < [01;31m[Kwaypoints_[m[K.size()) {
      |                                                   [01;31m[K^~~~~~~~~~[m[K
[01m[K/home/eve-dse/ros2_ws/src/dse_obs_avoid/src/send_command_template.cpp:32:30:[m[K [01;36m[Knote: [m[Kthe lambda has no capture-default
   32 |   auto timer_callback = [this[01;36m[K][m[K() -> void {
      |                              [01;36m[K^[m[K
[01m[K/home/eve-dse/ros2_ws/src/dse_obs_avoid/src/send_command_template.cpp:28:56:[m[K [01;36m[Knote: [m[Kâ€˜[01m[Kstd::vector<px4_msgs::msg::TrajectorySetpoint_<std::allocator<void> > > waypoints_[m[Kâ€™ declared here
   28 |         std::vector<px4_msgs::msg::TrajectorySetpoint> [01;36m[Kwaypoints_[m[K;
      |                                                        [01;36m[K^~~~~~~~~~[m[K
[01m[K/home/eve-dse/ros2_ws/src/dse_obs_avoid/src/send_command_template.cpp:46:53:[m[K [01;31m[Kerror: [m[Kâ€˜[01m[Kwaypoints_[m[Kâ€™ is not captured
   46 |                         publish_trajectory_setpoint([01;31m[Kwaypoints_[m[K[current_waypoint_index_]);
      |                                                     [01;31m[K^~~~~~~~~~[m[K
[01m[K/home/eve-dse/ros2_ws/src/dse_obs_avoid/src/send_command_template.cpp:32:30:[m[K [01;36m[Knote: [m[Kthe lambda has no capture-default
   32 |   auto timer_callback = [this[01;36m[K][m[K() -> void {
      |                              [01;36m[K^[m[K
[01m[K/home/eve-dse/ros2_ws/src/dse_obs_avoid/src/send_command_template.cpp:28:56:[m[K [01;36m[Knote: [m[Kâ€˜[01m[Kstd::vector<px4_msgs::msg::TrajectorySetpoint_<std::allocator<void> > > waypoints_[m[Kâ€™ declared here
   28 |         std::vector<px4_msgs::msg::TrajectorySetpoint> [01;36m[Kwaypoints_[m[K;
      |                                                        [01;36m[K^~~~~~~~~~[m[K
[01m[K/home/eve-dse/ros2_ws/src/dse_obs_avoid/src/send_command_template.cpp:46:64:[m[K [01;31m[Kerror: [m[Kâ€˜[01m[Kcurrent_waypoint_index_[m[Kâ€™ is not captured
   46 |                       publish_trajectory_setpoint(waypoints_[[01;31m[Kcurrent_waypoint_index_[m[K]);
      |                                                              [01;31m[K^~~~~~~~~~~~~~~~~~~~~~~[m[K

[01m[K/home/eve-dse/ros2_ws/src/dse_obs_avoid/src/send_command_template.cpp:32:30:[m[K [01;36m[Knote: [m[Kthe lambda has no capture-default
   32 |   auto timer_callback = [this[01;36m[K][m[K() -> void {
      |                              [01;36m[K^[m[K
[01m[K/home/eve-dse/ros2_ws/src/dse_obs_avoid/src/send_command_template.cpp:29:13:[m[K [01;36m[Knote: [m[Kâ€˜[01m[Kint current_waypoint_index_[m[Kâ€™ declared here
   29 |         int [01;36m[Kcurrent_waypoint_index_[m[K = 0;
      |             [01;36m[K^~~~~~~~~~~~~~~~~~~~~~~[m[K
[01m[K/home/eve-dse/ros2_ws/src/dse_obs_avoid/src/send_command_template.cpp:47:25:[m[K [01;31m[Kerror: [m[Kâ€˜[01m[Kcurrent_waypoint_index_[m[Kâ€™ is not captured
   47 |                         [01;31m[Kcurrent_waypoint_index_[m[K++;
      |                         [01;31m[K^~~~~~~~~~~~~~~~~~~~~~~[m[K
[01m[K/home/eve-dse/ros2_ws/src/dse_obs_avoid/src/send_command_template.cpp:32:30:[m[K [01;36m[Knote: [m[Kthe lambda has no capture-default
   32 |   auto timer_callback = [this[01;36m[K][m[K() -> void {
      |                              [01;36m[K^[m[K
[01m[K/home/eve-dse/ros2_ws/src/dse_obs_avoid/src/send_command_template.cpp:29:13:[m[K [01;36m[Knote: [m[Kâ€˜[01m[Kint current_waypoint_index_[m[Kâ€™ declared here
   29 |         int [01;36m[Kcurrent_waypoint_index_[m[K = 0;
      |             [01;36m[K^~~~~~~~~~~~~~~~~~~~~~~[m[K
[01m[K/home/eve-dse/ros2_ws/src/dse_obs_avoid/src/send_command_template.cpp:50:42:[m[K [01;31m[Kerror: [m[Kâ€˜[01m[KDroneState[m[Kâ€™ is not a class, namespace, or enumeration
   50 |                         current_state_ = [01;31m[KDroneState[m[K::LANDING;
      |                                          [01;31m[K^~~~~~~~~~[m[K
[01m[K/home/eve-dse/ros2_ws/src/dse_obs_avoid/src/send_command_template.cpp:53:22:[m[K [01;31m[Kerror: [m[Kâ€˜[01m[KDroneState[m[Kâ€™ is not a class, namespace, or enumeration
   53 |                 case [01;31m[KDroneState[m[K::LANDING:
      |                      [01;31m[K^~~~~~~~~~[m[K
[01m[K/home/eve-dse/ros2_ws/src/dse_obs_avoid/src/send_command_template.cpp:[m[K In member function â€˜[01m[Kvoid DroneControl::publish_trajectory_setpoint(int)[m[Kâ€™:
[01m[K/home/eve-dse/ros2_ws/src/dse_obs_avoid/src/send_command_template.cpp:105:24:[m[K [01;31m[Kerror: [m[Kâ€˜[01m[Kposition[m[Kâ€™ was not declared in this scope
  105 |         msg.position = [01;31m[Kposition[m[K;
      |                        [01;31m[K^~~~~~~~[m[K
[01m[K/home/eve-dse/ros2_ws/src/dse_obs_avoid/src/send_command_template.cpp:[m[K In member function â€˜[01m[Kvoid DroneControl::take_off()[m[Kâ€™:
[01m[K/home/eve-dse/ros2_ws/src/dse_obs_avoid/src/send_command_template.cpp:123:37:[m[K [01;31m[Kerror: [m[Kno matching function for call to â€˜[01m[KDroneControl::publish_trajectory_setpoint()[m[Kâ€™
  123 |         publish_trajectory_setpoint([01;31m[K)[m[K;
      |                                     [01;31m[K^[m[K
[01m[K/home/eve-dse/ros2_ws/src/dse_obs_avoid/src/send_command_template.cpp:102:10:[m[K [01;36m[Knote: [m[Kcandidate: â€˜[01m[Kvoid DroneControl::publish_trajectory_setpoint(int)[m[Kâ€™
  102 |     void [01;36m[Kpublish_trajectory_setpoint[m[K(vector<int> position)
      |          [01;36m[K^~~~~~~~~~~~~~~~~~~~~~~~~~~[m[K
[01m[K/home/eve-dse/ros2_ws/src/dse_obs_avoid/src/send_command_template.cpp:102:10:[m[K [01;36m[Knote: [m[K  candidate expects 1 argument, 0 provided
make[2]: *** [CMakeFiles/drone_commander.dir/build.make:63: CMakeFiles/drone_commander.dir/src/send_command_template.cpp.o] Error 1
make[1]: *** [CMakeFiles/Makefile2:78: CMakeFiles/drone_commander.dir/all] Error 2
make: *** [Makefile:141: all] Error 2
