[0.299s] Invoking command in '/home/eve-dse/ros2_ws/src/dse_obs_avoid/build/drone_control': CMAKE_PREFIX_PATH=${CMAKE_PREFIX_PATH}:/opt/ros/foxy /usr/bin/cmake --build /home/eve-dse/ros2_ws/src/dse_obs_avoid/build/drone_control -- -j14 -l14
[0.358s] [35m[1mScanning dependencies of target drone_commander[0m
[0.386s] [ 50%] [32mBuilding CXX object CMakeFiles/drone_commander.dir/src/send_command_template.cpp.o[0m
[1.252s] [01m[K/home/eve-dse/ros2_ws/src/dse_obs_avoid/src/send_command_template.cpp:102:38:[m[K [01;31m[Kerror: [m[Kâ€˜[01m[Kvector[m[Kâ€™ has not been declared
[1.252s]   102 |     void publish_trajectory_setpoint([01;31m[Kvector[m[K<int> position)
[1.252s]       |                                      [01;31m[K^~~~~~[m[K
[1.253s] [01m[K/home/eve-dse/ros2_ws/src/dse_obs_avoid/src/send_command_template.cpp:102:44:[m[K [01;31m[Kerror: [m[Kexpected â€˜[01m[K,[m[Kâ€™ or â€˜[01m[K...[m[Kâ€™ before â€˜[01m[K<[m[Kâ€™ token
[1.253s]   102 |     void publish_trajectory_setpoint(vector[01;31m[K<[m[Kint> position)
[1.253s]       |                                            [01;31m[K^[m[K
[1.265s] [01m[K/home/eve-dse/ros2_ws/src/dse_obs_avoid/src/send_command_template.cpp:[m[K In constructor â€˜[01m[KDroneControl::DroneControl()[m[Kâ€™:
[1.265s] [01m[K/home/eve-dse/ros2_ws/src/dse_obs_avoid/src/send_command_template.cpp:27:9:[m[K [01;31m[Kerror: [m[Kâ€˜[01m[KDroneState[m[Kâ€™ was not declared in this scope
[1.266s]    27 |         [01;31m[KDroneState[m[K current_state_ = DroneState::WAITING;
[1.266s]       |         [01;31m[K^~~~~~~~~~[m[K
[1.268s] [01m[K/home/eve-dse/ros2_ws/src/dse_obs_avoid/src/send_command_template.cpp:[m[K In lambda function:
[1.268s] [01m[K/home/eve-dse/ros2_ws/src/dse_obs_avoid/src/send_command_template.cpp:33:21:[m[K [01;31m[Kerror: [m[Kâ€˜[01m[Kcurrent_state_[m[Kâ€™ was not declared in this scope
[1.268s]    33 |             switch ([01;31m[Kcurrent_state_[m[K) {
[1.268s]       |                     [01;31m[K^~~~~~~~~~~~~~[m[K
[1.268s] [01m[K/home/eve-dse/ros2_ws/src/dse_obs_avoid/src/send_command_template.cpp:34:22:[m[K [01;31m[Kerror: [m[Kâ€˜[01m[KDroneState[m[Kâ€™ is not a class, namespace, or enumeration
[1.268s]    34 |                 case [01;31m[KDroneState[m[K::WAITING:
[1.268s]       |                      [01;31m[K^~~~~~~~~~[m[K
[1.268s] [01m[K/home/eve-dse/ros2_ws/src/dse_obs_avoid/src/send_command_template.cpp:35:31:[m[K [01;31m[Kerror: [m[Kexpected â€˜[01m[K;[m[Kâ€™ before â€˜[01m[Kcurrent_state_[m[Kâ€™
[1.268s]    35 |                     take_off()
[1.269s]       |                               [01;31m[K^[m[K
[1.269s]       |                               [32m[K;[m[K
[1.269s]    36 |                     [32m[Kcurrent_state_[m[K = DroneState::TAKING_OFF;
[1.269s]       |                     [32m[K~~~~~~~~~~~~~~[m[K
[1.269s] [01m[K/home/eve-dse/ros2_ws/src/dse_obs_avoid/src/send_command_template.cpp:38:22:[m[K [01;31m[Kerror: [m[Kâ€˜[01m[KDroneState[m[Kâ€™ is not a class, namespace, or enumeration
[1.269s]    38 |                 case [01;31m[KDroneState[m[K::TAKING_OFF:
[1.269s]       |                      [01;31m[K^~~~~~~~~~[m[K
[1.269s] [01m[K/home/eve-dse/ros2_ws/src/dse_obs_avoid/src/send_command_template.cpp:41:38:[m[K [01;31m[Kerror: [m[Kâ€˜[01m[KDroneState[m[Kâ€™ is not a class, namespace, or enumeration
[1.269s]    41 |                     current_state_ = [01;31m[KDroneState[m[K::FOLLOWING_TRAJECTORY;
[1.269s]       |                                      [01;31m[K^~~~~~~~~~[m[K
[1.269s] [01m[K/home/eve-dse/ros2_ws/src/dse_obs_avoid/src/send_command_template.cpp:43:22:[m[K [01;31m[Kerror: [m[Kâ€˜[01m[KDroneState[m[Kâ€™ is not a class, namespace, or enumeration
[1.269s]    43 |                 case [01;31m[KDroneState[m[K::FOLLOWING_TRAJECTORY:
[1.269s]       |                      [01;31m[K^~~~~~~~~~[m[K
[1.269s] [01m[K/home/eve-dse/ros2_ws/src/dse_obs_avoid/src/send_command_template.cpp:45:25:[m[K [01;31m[Kerror: [m[Kâ€˜[01m[Kcurrent_waypoint_index_[m[Kâ€™ is not captured
[1.269s]    45 |                     if ([01;31m[Kcurrent_waypoint_index_[m[K < waypoints_.size()) {
[1.269s]       |                         [01;31m[K^~~~~~~~~~~~~~~~~~~~~~~[m[K
[1.269s] [01m[K/home/eve-dse/ros2_ws/src/dse_obs_avoid/src/send_command_template.cpp:32:30:[m[K [01;36m[Knote: [m[Kthe lambda has no capture-default
[1.269s]    32 |   auto timer_callback = [this[01;36m[K][m[K() -> void {
[1.269s]       |                              [01;36m[K^[m[K
[1.269s] [01m[K/home/eve-dse/ros2_ws/src/dse_obs_avoid/src/send_command_template.cpp:29:13:[m[K [01;36m[Knote: [m[Kâ€˜[01m[Kint current_waypoint_index_[m[Kâ€™ declared here
[1.269s]    29 |         int [01;36m[Kcurrent_waypoint_index_[m[K = 0;
[1.269s]       |             [01;36m[K^~~~~~~~~~~~~~~~~~~~~~~[m[K
[1.269s] [01m[K/home/eve-dse/ros2_ws/src/dse_obs_avoid/src/send_command_template.cpp:45:51:[m[K [01;31m[Kerror: [m[Kâ€˜[01m[Kwaypoints_[m[Kâ€™ is not captured
[1.269s]    45 |                     if (current_waypoint_index_ < [01;31m[Kwaypoints_[m[K.size()) {
[1.269s]       |                                                   [01;31m[K^~~~~~~~~~[m[K
[1.269s] [01m[K/home/eve-dse/ros2_ws/src/dse_obs_avoid/src/send_command_template.cpp:32:30:[m[K [01;36m[Knote: [m[Kthe lambda has no capture-default
[1.269s]    32 |   auto timer_callback = [this[01;36m[K][m[K() -> void {
[1.269s]       |                              [01;36m[K^[m[K
[1.269s] [01m[K/home/eve-dse/ros2_ws/src/dse_obs_avoid/src/send_command_template.cpp:28:56:[m[K [01;36m[Knote: [m[Kâ€˜[01m[Kstd::vector<px4_msgs::msg::TrajectorySetpoint_<std::allocator<void> > > waypoints_[m[Kâ€™ declared here
[1.269s]    28 |         std::vector<px4_msgs::msg::TrajectorySetpoint> [01;36m[Kwaypoints_[m[K;
[1.269s]       |                                                        [01;36m[K^~~~~~~~~~[m[K
[1.269s] [01m[K/home/eve-dse/ros2_ws/src/dse_obs_avoid/src/send_command_template.cpp:46:53:[m[K [01;31m[Kerror: [m[Kâ€˜[01m[Kwaypoints_[m[Kâ€™ is not captured
[1.269s]    46 |                         publish_trajectory_setpoint([01;31m[Kwaypoints_[m[K[current_waypoint_index_]);
[1.269s]       |                                                     [01;31m[K^~~~~~~~~~[m[K
[1.270s] [01m[K/home/eve-dse/ros2_ws/src/dse_obs_avoid/src/send_command_template.cpp:32:30:[m[K [01;36m[Knote: [m[Kthe lambda has no capture-default
[1.270s]    32 |   auto timer_callback = [this[01;36m[K][m[K() -> void {
[1.270s]       |                              [01;36m[K^[m[K
[1.270s] [01m[K/home/eve-dse/ros2_ws/src/dse_obs_avoid/src/send_command_template.cpp:28:56:[m[K [01;36m[Knote: [m[Kâ€˜[01m[Kstd::vector<px4_msgs::msg::TrajectorySetpoint_<std::allocator<void> > > waypoints_[m[Kâ€™ declared here
[1.270s]    28 |         std::vector<px4_msgs::msg::TrajectorySetpoint> [01;36m[Kwaypoints_[m[K;
[1.270s]       |                                                        [01;36m[K^~~~~~~~~~[m[K
[1.270s] [01m[K/home/eve-dse/ros2_ws/src/dse_obs_avoid/src/send_command_template.cpp:46:64:[m[K [01;31m[Kerror: [m[Kâ€˜[01m[Kcurrent_waypoint_index_[m[Kâ€™ is not captured
[1.270s]    46 |                       publish_trajectory_setpoint(waypoints_[[01;31m[Kcurrent_waypoint_index_[m[K]);
[1.270s]       |                                                              [01;31m[K^~~~~~~~~~~~~~~~~~~~~~~[m[K
[1.270s] 
[1.270s] [01m[K/home/eve-dse/ros2_ws/src/dse_obs_avoid/src/send_command_template.cpp:32:30:[m[K [01;36m[Knote: [m[Kthe lambda has no capture-default
[1.270s]    32 |   auto timer_callback = [this[01;36m[K][m[K() -> void {
[1.270s]       |                              [01;36m[K^[m[K
[1.270s] [01m[K/home/eve-dse/ros2_ws/src/dse_obs_avoid/src/send_command_template.cpp:29:13:[m[K [01;36m[Knote: [m[Kâ€˜[01m[Kint current_waypoint_index_[m[Kâ€™ declared here
[1.270s]    29 |         int [01;36m[Kcurrent_waypoint_index_[m[K = 0;
[1.270s]       |             [01;36m[K^~~~~~~~~~~~~~~~~~~~~~~[m[K
[1.270s] [01m[K/home/eve-dse/ros2_ws/src/dse_obs_avoid/src/send_command_template.cpp:47:25:[m[K [01;31m[Kerror: [m[Kâ€˜[01m[Kcurrent_waypoint_index_[m[Kâ€™ is not captured
[1.270s]    47 |                         [01;31m[Kcurrent_waypoint_index_[m[K++;
[1.270s]       |                         [01;31m[K^~~~~~~~~~~~~~~~~~~~~~~[m[K
[1.270s] [01m[K/home/eve-dse/ros2_ws/src/dse_obs_avoid/src/send_command_template.cpp:32:30:[m[K [01;36m[Knote: [m[Kthe lambda has no capture-default
[1.270s]    32 |   auto timer_callback = [this[01;36m[K][m[K() -> void {
[1.270s]       |                              [01;36m[K^[m[K
[1.270s] [01m[K/home/eve-dse/ros2_ws/src/dse_obs_avoid/src/send_command_template.cpp:29:13:[m[K [01;36m[Knote: [m[Kâ€˜[01m[Kint current_waypoint_index_[m[Kâ€™ declared here
[1.270s]    29 |         int [01;36m[Kcurrent_waypoint_index_[m[K = 0;
[1.270s]       |             [01;36m[K^~~~~~~~~~~~~~~~~~~~~~~[m[K
[1.270s] [01m[K/home/eve-dse/ros2_ws/src/dse_obs_avoid/src/send_command_template.cpp:50:42:[m[K [01;31m[Kerror: [m[Kâ€˜[01m[KDroneState[m[Kâ€™ is not a class, namespace, or enumeration
[1.270s]    50 |                         current_state_ = [01;31m[KDroneState[m[K::LANDING;
[1.270s]       |                                          [01;31m[K^~~~~~~~~~[m[K
[1.270s] [01m[K/home/eve-dse/ros2_ws/src/dse_obs_avoid/src/send_command_template.cpp:53:22:[m[K [01;31m[Kerror: [m[Kâ€˜[01m[KDroneState[m[Kâ€™ is not a class, namespace, or enumeration
[1.270s]    53 |                 case [01;31m[KDroneState[m[K::LANDING:
[1.270s]       |                      [01;31m[K^~~~~~~~~~[m[K
[1.290s] [01m[K/home/eve-dse/ros2_ws/src/dse_obs_avoid/src/send_command_template.cpp:[m[K In member function â€˜[01m[Kvoid DroneControl::publish_trajectory_setpoint(int)[m[Kâ€™:
[1.290s] [01m[K/home/eve-dse/ros2_ws/src/dse_obs_avoid/src/send_command_template.cpp:105:24:[m[K [01;31m[Kerror: [m[Kâ€˜[01m[Kposition[m[Kâ€™ was not declared in this scope
[1.290s]   105 |         msg.position = [01;31m[Kposition[m[K;
[1.290s]       |                        [01;31m[K^~~~~~~~[m[K
[1.294s] [01m[K/home/eve-dse/ros2_ws/src/dse_obs_avoid/src/send_command_template.cpp:[m[K In member function â€˜[01m[Kvoid DroneControl::take_off()[m[Kâ€™:
[1.294s] [01m[K/home/eve-dse/ros2_ws/src/dse_obs_avoid/src/send_command_template.cpp:123:37:[m[K [01;31m[Kerror: [m[Kno matching function for call to â€˜[01m[KDroneControl::publish_trajectory_setpoint()[m[Kâ€™
[1.294s]   123 |         publish_trajectory_setpoint([01;31m[K)[m[K;
[1.295s]       |                                     [01;31m[K^[m[K
[1.295s] [01m[K/home/eve-dse/ros2_ws/src/dse_obs_avoid/src/send_command_template.cpp:102:10:[m[K [01;36m[Knote: [m[Kcandidate: â€˜[01m[Kvoid DroneControl::publish_trajectory_setpoint(int)[m[Kâ€™
[1.295s]   102 |     void [01;36m[Kpublish_trajectory_setpoint[m[K(vector<int> position)
[1.295s]       |          [01;36m[K^~~~~~~~~~~~~~~~~~~~~~~~~~~[m[K
[1.295s] [01m[K/home/eve-dse/ros2_ws/src/dse_obs_avoid/src/send_command_template.cpp:102:10:[m[K [01;36m[Knote: [m[K  candidate expects 1 argument, 0 provided
[2.010s] make[2]: *** [CMakeFiles/drone_commander.dir/build.make:63: CMakeFiles/drone_commander.dir/src/send_command_template.cpp.o] Error 1
[2.010s] make[1]: *** [CMakeFiles/Makefile2:78: CMakeFiles/drone_commander.dir/all] Error 2
[2.011s] make: *** [Makefile:141: all] Error 2
[2.017s] Invoked command in '/home/eve-dse/ros2_ws/src/dse_obs_avoid/build/drone_control' returned '2': CMAKE_PREFIX_PATH=${CMAKE_PREFIX_PATH}:/opt/ros/foxy /usr/bin/cmake --build /home/eve-dse/ros2_ws/src/dse_obs_avoid/build/drone_control -- -j14 -l14
